<?xml version="1.0" encoding="UTF-8"?>
<testsuite name="com.medicare.project1.Project1ApplicationTests" time="0.06" tests="1" errors="1" skipped="0" failures="0">
  <properties>
    <property name="java.runtime.name" value="Java(TM) SE Runtime Environment"/>
    <property name="sun.boot.library.path" value="C:\Program Files\Java\jdk1.8.0_112\jre\bin"/>
    <property name="java.vm.version" value="25.112-b15"/>
    <property name="java.vm.vendor" value="Oracle Corporation"/>
    <property name="maven.multiModuleProjectDirectory" value="C:\Users\khyati.agarwal\Documents\workspace-sts-3.8.2.RELEASE\project1"/>
    <property name="java.vendor.url" value="http://java.oracle.com/"/>
    <property name="path.separator" value=";"/>
    <property name="guice.disable.misplaced.annotation.check" value="true"/>
    <property name="java.vm.name" value="Java HotSpot(TM) 64-Bit Server VM"/>
    <property name="file.encoding.pkg" value="sun.io"/>
    <property name="user.script" value=""/>
    <property name="user.country" value="US"/>
    <property name="sun.java.launcher" value="SUN_STANDARD"/>
    <property name="sun.os.patch.level" value="Service Pack 1"/>
    <property name="java.vm.specification.name" value="Java Virtual Machine Specification"/>
    <property name="user.dir" value="C:\Users\khyati.agarwal\Documents\workspace-sts-3.8.2.RELEASE\project1"/>
    <property name="java.runtime.version" value="1.8.0_112-b15"/>
    <property name="java.awt.graphicsenv" value="sun.awt.Win32GraphicsEnvironment"/>
    <property name="java.endorsed.dirs" value="C:\Program Files\Java\jdk1.8.0_112\jre\lib\endorsed"/>
    <property name="os.arch" value="amd64"/>
    <property name="java.io.tmpdir" value="C:\Users\KHYATI~1.AGA\AppData\Local\Temp\"/>
    <property name="line.separator" value="&#10;"/>
    <property name="java.vm.specification.vendor" value="Oracle Corporation"/>
    <property name="user.variant" value=""/>
    <property name="os.name" value="Windows 7"/>
    <property name="classworlds.conf" value="C:\Users\khyati.agarwal\Documents\workspace-sts-3.8.2.RELEASE\.metadata\.plugins\org.eclipse.m2e.launching\launches\m2conf5326194504784601673.tmp"/>
    <property name="sun.jnu.encoding" value="Cp1252"/>
    <property name="java.library.path" value="C:\Program Files\Java\jdk1.8.0_112\bin;C:\Windows\Sun\Java\bin;C:\Windows\system32;C:\Windows;C:/Program Files/Java/jdk1.8.0_112/bin/../jre/bin/server;C:/Program Files/Java/jdk1.8.0_112/bin/../jre/bin;C:/Program Files/Java/jdk1.8.0_112/bin/../jre/lib/amd64;C:\ProgramData\Oracle\Java\javapath;C:\Windows\system32;C:\Windows;C:\Windows\System32\Wbem;C:\Windows\System32\WindowsPowerShell\v1.0\;C:\Program Files (x86)\Skype\Phone\;C:\Program Files (x86)\QuickTime\QTSystem\;C:\Program Files\java1\gradle-3.2.1\bin;C:\Program Files\MongoDB 2.6 Standard\bin;C:\Program Files\Java\jdk1.8.0_112\bin;C:\Program Files\MongoDB 2.6 Standard\bin;C:\Program Files\java1\sts-bundle\sts-3.8.2.RELEASE;;."/>
    <property name="java.specification.name" value="Java Platform API Specification"/>
    <property name="java.class.version" value="52.0"/>
    <property name="sun.management.compiler" value="HotSpot 64-Bit Tiered Compilers"/>
    <property name="os.version" value="6.1"/>
    <property name="user.home" value="C:\Users\khyati.agarwal"/>
    <property name="user.timezone" value="Asia/Calcutta"/>
    <property name="java.awt.printerjob" value="sun.awt.windows.WPrinterJob"/>
    <property name="java.specification.version" value="1.8"/>
    <property name="file.encoding" value="Cp1252"/>
    <property name="user.name" value="khyati.agarwal"/>
    <property name="java.class.path" value="/C:/Program Files/java1/sts-bundle/sts-3.8.2.RELEASE/plugins/org.eclipse.m2e.maven.runtime_1.7.0.20160603-1931/jars/plexus-classworlds-2.5.2.jar"/>
    <property name="java.vm.specification.version" value="1.8"/>
    <property name="sun.arch.data.model" value="64"/>
    <property name="java.home" value="C:\Program Files\Java\jdk1.8.0_112\jre"/>
    <property name="sun.java.command" value="org.codehaus.plexus.classworlds.launcher.Launcher -Ppom.xml -B test"/>
    <property name="java.specification.vendor" value="Oracle Corporation"/>
    <property name="user.language" value="en"/>
    <property name="awt.toolkit" value="sun.awt.windows.WToolkit"/>
    <property name="java.vm.info" value="mixed mode"/>
    <property name="java.version" value="1.8.0_112"/>
    <property name="java.ext.dirs" value="C:\Program Files\Java\jdk1.8.0_112\jre\lib\ext;C:\Windows\Sun\Java\lib\ext"/>
    <property name="sun.boot.class.path" value="C:\Program Files\Java\jdk1.8.0_112\jre\lib\resources.jar;C:\Program Files\Java\jdk1.8.0_112\jre\lib\rt.jar;C:\Program Files\Java\jdk1.8.0_112\jre\lib\sunrsasign.jar;C:\Program Files\Java\jdk1.8.0_112\jre\lib\jsse.jar;C:\Program Files\Java\jdk1.8.0_112\jre\lib\jce.jar;C:\Program Files\Java\jdk1.8.0_112\jre\lib\charsets.jar;C:\Program Files\Java\jdk1.8.0_112\jre\lib\jfr.jar;C:\Program Files\Java\jdk1.8.0_112\jre\classes"/>
    <property name="java.vendor" value="Oracle Corporation"/>
    <property name="maven.home" value="C:\Users\khyati.agarwal\Documents\workspace-sts-3.8.2.RELEASE\project1\EMBEDDED"/>
    <property name="file.separator" value="\"/>
    <property name="java.vendor.url.bug" value="http://bugreport.sun.com/bugreport/"/>
    <property name="sun.cpu.endian" value="little"/>
    <property name="sun.io.unicode.encoding" value="UnicodeLittle"/>
    <property name="sun.desktop" value="windows"/>
    <property name="sun.cpu.isalist" value="amd64"/>
  </properties>
  <testcase name="initializationError" classname="com.medicare.project1.Project1ApplicationTests" time="0.06">
    <error message="Unable to find a @SpringBootConfiguration, you need to use @ContextConfiguration or @SpringBootTest(classes=...) with your test" type="java.lang.IllegalStateException"><![CDATA[java.lang.IllegalStateException: Unable to find a @SpringBootConfiguration, you need to use @ContextConfiguration or @SpringBootTest(classes=...) with your test
	at org.springframework.util.Assert.state(Assert.java:392)
	at org.springframework.boot.test.context.SpringBootTestContextBootstrapper.getOrFindConfigurationClasses(SpringBootTestContextBootstrapper.java:173)
	at org.springframework.boot.test.context.SpringBootTestContextBootstrapper.processMergedContextConfiguration(SpringBootTestContextBootstrapper.java:133)
	at org.springframework.test.context.support.AbstractTestContextBootstrapper.buildMergedContextConfiguration(AbstractTestContextBootstrapper.java:409)
	at org.springframework.test.context.support.AbstractTestContextBootstrapper.buildDefaultMergedContextConfiguration(AbstractTestContextBootstrapper.java:323)
	at org.springframework.test.context.support.AbstractTestContextBootstrapper.buildMergedContextConfiguration(AbstractTestContextBootstrapper.java:277)
	at org.springframework.test.context.support.AbstractTestContextBootstrapper.buildTestContext(AbstractTestContextBootstrapper.java:112)
	at org.springframework.boot.test.context.SpringBootTestContextBootstrapper.buildTestContext(SpringBootTestContextBootstrapper.java:78)
	at org.springframework.test.context.TestContextManager.<init>(TestContextManager.java:120)
	at org.springframework.test.context.TestContextManager.<init>(TestContextManager.java:105)
	at org.springframework.test.context.junit4.SpringJUnit4ClassRunner.createTestContextManager(SpringJUnit4ClassRunner.java:152)
	at org.springframework.test.context.junit4.SpringJUnit4ClassRunner.<init>(SpringJUnit4ClassRunner.java:143)
	at org.springframework.test.context.junit4.SpringRunner.<init>(SpringRunner.java:49)
	at sun.reflect.NativeConstructorAccessorImpl.newInstance0(Native Method)
	at sun.reflect.NativeConstructorAccessorImpl.newInstance(NativeConstructorAccessorImpl.java:62)
	at sun.reflect.DelegatingConstructorAccessorImpl.newInstance(DelegatingConstructorAccessorImpl.java:45)
	at java.lang.reflect.Constructor.newInstance(Constructor.java:423)
	at org.junit.internal.builders.AnnotatedBuilder.buildRunner(AnnotatedBuilder.java:104)
	at org.junit.internal.builders.AnnotatedBuilder.runnerForClass(AnnotatedBuilder.java:86)
	at org.junit.runners.model.RunnerBuilder.safeRunnerForClass(RunnerBuilder.java:59)
	at org.junit.internal.builders.AllDefaultPossibilitiesBuilder.runnerForClass(AllDefaultPossibilitiesBuilder.java:26)
	at org.junit.runners.model.RunnerBuilder.safeRunnerForClass(RunnerBuilder.java:59)
	at org.junit.internal.requests.ClassRequest.getRunner(ClassRequest.java:33)
	at org.apache.maven.surefire.junit4.JUnit4Provider.execute(JUnit4Provider.java:283)
	at org.apache.maven.surefire.junit4.JUnit4Provider.executeWithRerun(JUnit4Provider.java:173)
	at org.apache.maven.surefire.junit4.JUnit4Provider.executeTestSet(JUnit4Provider.java:153)
	at org.apache.maven.surefire.junit4.JUnit4Provider.invoke(JUnit4Provider.java:128)
	at org.apache.maven.surefire.booter.ForkedBooter.invokeProviderInSameClassLoader(ForkedBooter.java:203)
	at org.apache.maven.surefire.booter.ForkedBooter.runSuitesInProcess(ForkedBooter.java:155)
	at org.apache.maven.surefire.booter.ForkedBooter.main(ForkedBooter.java:103)
]]></error>
    <system-out><![CDATA[11:51:02.894 [main] DEBUG org.springframework.test.context.junit4.SpringJUnit4ClassRunner - SpringJUnit4ClassRunner constructor called with [class com.medicare.project1.Project1ApplicationTests]
11:51:02.972 [main] DEBUG org.springframework.test.context.BootstrapUtils - Instantiating CacheAwareContextLoaderDelegate from class [org.springframework.test.context.cache.DefaultCacheAwareContextLoaderDelegate]
11:51:03.038 [main] DEBUG org.springframework.test.context.BootstrapUtils - Instantiating BootstrapContext using constructor [public org.springframework.test.context.support.DefaultBootstrapContext(java.lang.Class,org.springframework.test.context.CacheAwareContextLoaderDelegate)]
11:51:03.188 [main] DEBUG org.springframework.test.context.BootstrapUtils - Instantiating TestContextBootstrapper for test class [com.medicare.project1.Project1ApplicationTests] from class [org.springframework.boot.test.context.SpringBootTestContextBootstrapper]
11:51:03.392 [main] INFO org.springframework.boot.test.context.SpringBootTestContextBootstrapper - Neither @ContextConfiguration nor @ContextHierarchy found for test class [com.medicare.project1.Project1ApplicationTests], using SpringBootContextLoader
11:51:03.402 [main] DEBUG org.springframework.test.context.support.AbstractContextLoader - Did not detect default resource location for test class [com.medicare.project1.Project1ApplicationTests]: class path resource [com/medicare/project1/Project1ApplicationTests-context.xml] does not exist
11:51:03.403 [main] DEBUG org.springframework.test.context.support.AbstractContextLoader - Did not detect default resource location for test class [com.medicare.project1.Project1ApplicationTests]: class path resource [com/medicare/project1/Project1ApplicationTestsContext.groovy] does not exist
11:51:03.404 [main] INFO org.springframework.test.context.support.AbstractContextLoader - Could not detect default resource locations for test class [com.medicare.project1.Project1ApplicationTests]: no resource found for suffixes {-context.xml, Context.groovy}.
11:51:03.406 [main] INFO org.springframework.test.context.support.AnnotationConfigContextLoaderUtils - Could not detect default configuration classes for test class [com.medicare.project1.Project1ApplicationTests]: Project1ApplicationTests does not declare any static, non-private, non-final, nested classes annotated with @Configuration.
11:51:03.679 [main] DEBUG org.springframework.test.context.support.ActiveProfilesUtils - Could not find an 'annotation declaring class' for annotation type [org.springframework.test.context.ActiveProfiles] and class [com.medicare.project1.Project1ApplicationTests]
11:51:03.770 [main] DEBUG org.springframework.core.env.StandardEnvironment - Adding [systemProperties] PropertySource with lowest search precedence
11:51:03.771 [main] DEBUG org.springframework.core.env.StandardEnvironment - Adding [systemEnvironment] PropertySource with lowest search precedence
11:51:03.771 [main] DEBUG org.springframework.core.env.StandardEnvironment - Initialized StandardEnvironment with PropertySources [systemProperties,systemEnvironment]
11:51:03.808 [main] DEBUG org.springframework.core.io.support.PathMatchingResourcePatternResolver - Resolved classpath location [com/medicare/project1/] to resources [URL [file:/C:/Users/khyati.agarwal/Documents/workspace-sts-3.8.2.RELEASE/project1/target/test-classes/com/medicare/project1/], URL [file:/C:/Users/khyati.agarwal/Documents/workspace-sts-3.8.2.RELEASE/project1/target/classes/com/medicare/project1/]]
11:51:03.815 [main] DEBUG org.springframework.core.io.support.PathMatchingResourcePatternResolver - Looking for matching resources in directory tree [C:\Users\khyati.agarwal\Documents\workspace-sts-3.8.2.RELEASE\project1\target\test-classes\com\medicare\project1]
11:51:03.816 [main] DEBUG org.springframework.core.io.support.PathMatchingResourcePatternResolver - Searching directory [C:\Users\khyati.agarwal\Documents\workspace-sts-3.8.2.RELEASE\project1\target\test-classes\com\medicare\project1] for files matching pattern [C:/Users/khyati.agarwal/Documents/workspace-sts-3.8.2.RELEASE/project1/target/test-classes/com/medicare/project1/*.class]
11:51:03.873 [main] DEBUG org.springframework.core.io.support.PathMatchingResourcePatternResolver - Looking for matching resources in directory tree [C:\Users\khyati.agarwal\Documents\workspace-sts-3.8.2.RELEASE\project1\target\classes\com\medicare\project1]
11:51:03.874 [main] DEBUG org.springframework.core.io.support.PathMatchingResourcePatternResolver - Searching directory [C:\Users\khyati.agarwal\Documents\workspace-sts-3.8.2.RELEASE\project1\target\classes\com\medicare\project1] for files matching pattern [C:/Users/khyati.agarwal/Documents/workspace-sts-3.8.2.RELEASE/project1/target/classes/com/medicare/project1/*.class]
11:51:03.875 [main] DEBUG org.springframework.core.io.support.PathMatchingResourcePatternResolver - Resolved location pattern [classpath*:com/medicare/project1/*.class] to resources [file [C:\Users\khyati.agarwal\Documents\workspace-sts-3.8.2.RELEASE\project1\target\test-classes\com\medicare\project1\Project1ApplicationTests.class], file [C:\Users\khyati.agarwal\Documents\workspace-sts-3.8.2.RELEASE\project1\target\classes\com\medicare\project1\Project1Application.class]]
11:51:04.079 [main] DEBUG org.springframework.core.io.support.PathMatchingResourcePatternResolver - Resolved classpath location [com/medicare/] to resources [URL [file:/C:/Users/khyati.agarwal/Documents/workspace-sts-3.8.2.RELEASE/project1/target/test-classes/com/medicare/], URL [file:/C:/Users/khyati.agarwal/Documents/workspace-sts-3.8.2.RELEASE/project1/target/classes/com/medicare/]]
11:51:04.079 [main] DEBUG org.springframework.core.io.support.PathMatchingResourcePatternResolver - Looking for matching resources in directory tree [C:\Users\khyati.agarwal\Documents\workspace-sts-3.8.2.RELEASE\project1\target\test-classes\com\medicare]
11:51:04.081 [main] DEBUG org.springframework.core.io.support.PathMatchingResourcePatternResolver - Searching directory [C:\Users\khyati.agarwal\Documents\workspace-sts-3.8.2.RELEASE\project1\target\test-classes\com\medicare] for files matching pattern [C:/Users/khyati.agarwal/Documents/workspace-sts-3.8.2.RELEASE/project1/target/test-classes/com/medicare/*.class]
11:51:04.082 [main] DEBUG org.springframework.core.io.support.PathMatchingResourcePatternResolver - Looking for matching resources in directory tree [C:\Users\khyati.agarwal\Documents\workspace-sts-3.8.2.RELEASE\project1\target\classes\com\medicare]
11:51:04.084 [main] DEBUG org.springframework.core.io.support.PathMatchingResourcePatternResolver - Searching directory [C:\Users\khyati.agarwal\Documents\workspace-sts-3.8.2.RELEASE\project1\target\classes\com\medicare] for files matching pattern [C:/Users/khyati.agarwal/Documents/workspace-sts-3.8.2.RELEASE/project1/target/classes/com/medicare/*.class]
11:51:04.085 [main] DEBUG org.springframework.core.io.support.PathMatchingResourcePatternResolver - Resolved location pattern [classpath*:com/medicare/*.class] to resources []
11:51:04.093 [main] DEBUG org.springframework.core.io.support.PathMatchingResourcePatternResolver - Resolved classpath location [com/] to resources [URL [file:/C:/Users/khyati.agarwal/Documents/workspace-sts-3.8.2.RELEASE/project1/target/test-classes/com/], URL [file:/C:/Users/khyati.agarwal/Documents/workspace-sts-3.8.2.RELEASE/project1/target/classes/com/], URL [jar:file:/C:/Users/khyati.agarwal/.m2/repository/org/mongodb/mongodb-driver/3.2.2/mongodb-driver-3.2.2.jar!/com/], URL [jar:file:/C:/Users/khyati.agarwal/.m2/repository/org/mongodb/mongodb-driver-core/3.2.2/mongodb-driver-core-3.2.2.jar!/com/], URL [jar:file:/C:/Users/khyati.agarwal/.m2/repository/com/fasterxml/classmate/1.3.3/classmate-1.3.3.jar!/com/], URL [jar:file:/C:/Users/khyati.agarwal/.m2/repository/com/fasterxml/jackson/core/jackson-databind/2.8.5/jackson-databind-2.8.5.jar!/com/], URL [jar:file:/C:/Users/khyati.agarwal/.m2/repository/com/fasterxml/jackson/core/jackson-annotations/2.8.5/jackson-annotations-2.8.5.jar!/com/], URL [jar:file:/C:/Users/khyati.agarwal/.m2/repository/com/fasterxml/jackson/core/jackson-core/2.8.5/jackson-core-2.8.5.jar!/com/], URL [jar:file:/C:/Users/khyati.agarwal/.m2/repository/com/jayway/jsonpath/json-path/2.2.0/json-path-2.2.0.jar!/com/]]
11:51:04.094 [main] DEBUG org.springframework.core.io.support.PathMatchingResourcePatternResolver - Looking for matching resources in directory tree [C:\Users\khyati.agarwal\Documents\workspace-sts-3.8.2.RELEASE\project1\target\test-classes\com]
11:51:04.095 [main] DEBUG org.springframework.core.io.support.PathMatchingResourcePatternResolver - Searching directory [C:\Users\khyati.agarwal\Documents\workspace-sts-3.8.2.RELEASE\project1\target\test-classes\com] for files matching pattern [C:/Users/khyati.agarwal/Documents/workspace-sts-3.8.2.RELEASE/project1/target/test-classes/com/*.class]
11:51:04.096 [main] DEBUG org.springframework.core.io.support.PathMatchingResourcePatternResolver - Looking for matching resources in directory tree [C:\Users\khyati.agarwal\Documents\workspace-sts-3.8.2.RELEASE\project1\target\classes\com]
11:51:04.096 [main] DEBUG org.springframework.core.io.support.PathMatchingResourcePatternResolver - Searching directory [C:\Users\khyati.agarwal\Documents\workspace-sts-3.8.2.RELEASE\project1\target\classes\com] for files matching pattern [C:/Users/khyati.agarwal/Documents/workspace-sts-3.8.2.RELEASE/project1/target/classes/com/*.class]
11:51:04.098 [main] DEBUG org.springframework.core.io.support.PathMatchingResourcePatternResolver - Looking for matching resources in jar file [file:/C:/Users/khyati.agarwal/.m2/repository/org/mongodb/mongodb-driver/3.2.2/mongodb-driver-3.2.2.jar]
11:51:04.112 [main] DEBUG org.springframework.core.io.support.PathMatchingResourcePatternResolver - Looking for matching resources in jar file [file:/C:/Users/khyati.agarwal/.m2/repository/org/mongodb/mongodb-driver-core/3.2.2/mongodb-driver-core-3.2.2.jar]
11:51:04.168 [main] DEBUG org.springframework.core.io.support.PathMatchingResourcePatternResolver - Looking for matching resources in jar file [file:/C:/Users/khyati.agarwal/.m2/repository/com/fasterxml/classmate/1.3.3/classmate-1.3.3.jar]
11:51:04.169 [main] DEBUG org.springframework.core.io.support.PathMatchingResourcePatternResolver - Looking for matching resources in jar file [file:/C:/Users/khyati.agarwal/.m2/repository/com/fasterxml/jackson/core/jackson-databind/2.8.5/jackson-databind-2.8.5.jar]
11:51:04.197 [main] DEBUG org.springframework.core.io.support.PathMatchingResourcePatternResolver - Looking for matching resources in jar file [file:/C:/Users/khyati.agarwal/.m2/repository/com/fasterxml/jackson/core/jackson-annotations/2.8.5/jackson-annotations-2.8.5.jar]
11:51:04.199 [main] DEBUG org.springframework.core.io.support.PathMatchingResourcePatternResolver - Looking for matching resources in jar file [file:/C:/Users/khyati.agarwal/.m2/repository/com/fasterxml/jackson/core/jackson-core/2.8.5/jackson-core-2.8.5.jar]
11:51:04.201 [main] DEBUG org.springframework.core.io.support.PathMatchingResourcePatternResolver - Looking for matching resources in jar file [file:/C:/Users/khyati.agarwal/.m2/repository/com/jayway/jsonpath/json-path/2.2.0/json-path-2.2.0.jar]
11:51:04.203 [main] DEBUG org.springframework.core.io.support.PathMatchingResourcePatternResolver - Resolved location pattern [classpath*:com/*.class] to resources []
11:51:04.211 [main] DEBUG org.springframework.test.context.junit4.SpringJUnit4ClassRunner - SpringJUnit4ClassRunner constructor called with [class com.medicare.project1.Project1ApplicationTests]
11:51:04.211 [main] DEBUG org.springframework.test.context.BootstrapUtils - Instantiating CacheAwareContextLoaderDelegate from class [org.springframework.test.context.cache.DefaultCacheAwareContextLoaderDelegate]
11:51:04.212 [main] DEBUG org.springframework.test.context.BootstrapUtils - Instantiating BootstrapContext using constructor [public org.springframework.test.context.support.DefaultBootstrapContext(java.lang.Class,org.springframework.test.context.CacheAwareContextLoaderDelegate)]
11:51:04.213 [main] DEBUG org.springframework.test.context.BootstrapUtils - Instantiating TestContextBootstrapper for test class [com.medicare.project1.Project1ApplicationTests] from class [org.springframework.boot.test.context.SpringBootTestContextBootstrapper]
11:51:04.214 [main] INFO org.springframework.boot.test.context.SpringBootTestContextBootstrapper - Neither @ContextConfiguration nor @ContextHierarchy found for test class [com.medicare.project1.Project1ApplicationTests], using SpringBootContextLoader
11:51:04.215 [main] DEBUG org.springframework.test.context.support.AbstractContextLoader - Did not detect default resource location for test class [com.medicare.project1.Project1ApplicationTests]: class path resource [com/medicare/project1/Project1ApplicationTests-context.xml] does not exist
11:51:04.268 [main] DEBUG org.springframework.test.context.support.AbstractContextLoader - Did not detect default resource location for test class [com.medicare.project1.Project1ApplicationTests]: class path resource [com/medicare/project1/Project1ApplicationTestsContext.groovy] does not exist
11:51:04.271 [main] INFO org.springframework.test.context.support.AbstractContextLoader - Could not detect default resource locations for test class [com.medicare.project1.Project1ApplicationTests]: no resource found for suffixes {-context.xml, Context.groovy}.
11:51:04.271 [main] INFO org.springframework.test.context.support.AnnotationConfigContextLoaderUtils - Could not detect default configuration classes for test class [com.medicare.project1.Project1ApplicationTests]: Project1ApplicationTests does not declare any static, non-private, non-final, nested classes annotated with @Configuration.
11:51:04.282 [main] DEBUG org.springframework.test.context.support.ActiveProfilesUtils - Could not find an 'annotation declaring class' for annotation type [org.springframework.test.context.ActiveProfiles] and class [com.medicare.project1.Project1ApplicationTests]
11:51:04.282 [main] DEBUG org.springframework.core.env.StandardEnvironment - Adding [systemProperties] PropertySource with lowest search precedence
11:51:04.283 [main] DEBUG org.springframework.core.env.StandardEnvironment - Adding [systemEnvironment] PropertySource with lowest search precedence
11:51:04.283 [main] DEBUG org.springframework.core.env.StandardEnvironment - Initialized StandardEnvironment with PropertySources [systemProperties,systemEnvironment]
11:51:04.285 [main] DEBUG org.springframework.core.io.support.PathMatchingResourcePatternResolver - Resolved classpath location [com/medicare/project1/] to resources [URL [file:/C:/Users/khyati.agarwal/Documents/workspace-sts-3.8.2.RELEASE/project1/target/test-classes/com/medicare/project1/], URL [file:/C:/Users/khyati.agarwal/Documents/workspace-sts-3.8.2.RELEASE/project1/target/classes/com/medicare/project1/]]
11:51:04.285 [main] DEBUG org.springframework.core.io.support.PathMatchingResourcePatternResolver - Looking for matching resources in directory tree [C:\Users\khyati.agarwal\Documents\workspace-sts-3.8.2.RELEASE\project1\target\test-classes\com\medicare\project1]
11:51:04.286 [main] DEBUG org.springframework.core.io.support.PathMatchingResourcePatternResolver - Searching directory [C:\Users\khyati.agarwal\Documents\workspace-sts-3.8.2.RELEASE\project1\target\test-classes\com\medicare\project1] for files matching pattern [C:/Users/khyati.agarwal/Documents/workspace-sts-3.8.2.RELEASE/project1/target/test-classes/com/medicare/project1/*.class]
11:51:04.385 [main] DEBUG org.springframework.core.io.support.PathMatchingResourcePatternResolver - Looking for matching resources in directory tree [C:\Users\khyati.agarwal\Documents\workspace-sts-3.8.2.RELEASE\project1\target\classes\com\medicare\project1]
11:51:04.385 [main] DEBUG org.springframework.core.io.support.PathMatchingResourcePatternResolver - Searching directory [C:\Users\khyati.agarwal\Documents\workspace-sts-3.8.2.RELEASE\project1\target\classes\com\medicare\project1] for files matching pattern [C:/Users/khyati.agarwal/Documents/workspace-sts-3.8.2.RELEASE/project1/target/classes/com/medicare/project1/*.class]
11:51:04.387 [main] DEBUG org.springframework.core.io.support.PathMatchingResourcePatternResolver - Resolved location pattern [classpath*:com/medicare/project1/*.class] to resources [file [C:\Users\khyati.agarwal\Documents\workspace-sts-3.8.2.RELEASE\project1\target\test-classes\com\medicare\project1\Project1ApplicationTests.class], file [C:\Users\khyati.agarwal\Documents\workspace-sts-3.8.2.RELEASE\project1\target\classes\com\medicare\project1\Project1Application.class]]
11:51:04.392 [main] DEBUG org.springframework.core.io.support.PathMatchingResourcePatternResolver - Resolved classpath location [com/medicare/] to resources [URL [file:/C:/Users/khyati.agarwal/Documents/workspace-sts-3.8.2.RELEASE/project1/target/test-classes/com/medicare/], URL [file:/C:/Users/khyati.agarwal/Documents/workspace-sts-3.8.2.RELEASE/project1/target/classes/com/medicare/]]
11:51:04.393 [main] DEBUG org.springframework.core.io.support.PathMatchingResourcePatternResolver - Looking for matching resources in directory tree [C:\Users\khyati.agarwal\Documents\workspace-sts-3.8.2.RELEASE\project1\target\test-classes\com\medicare]
11:51:04.395 [main] DEBUG org.springframework.core.io.support.PathMatchingResourcePatternResolver - Searching directory [C:\Users\khyati.agarwal\Documents\workspace-sts-3.8.2.RELEASE\project1\target\test-classes\com\medicare] for files matching pattern [C:/Users/khyati.agarwal/Documents/workspace-sts-3.8.2.RELEASE/project1/target/test-classes/com/medicare/*.class]
11:51:04.397 [main] DEBUG org.springframework.core.io.support.PathMatchingResourcePatternResolver - Looking for matching resources in directory tree [C:\Users\khyati.agarwal\Documents\workspace-sts-3.8.2.RELEASE\project1\target\classes\com\medicare]
11:51:04.397 [main] DEBUG org.springframework.core.io.support.PathMatchingResourcePatternResolver - Searching directory [C:\Users\khyati.agarwal\Documents\workspace-sts-3.8.2.RELEASE\project1\target\classes\com\medicare] for files matching pattern [C:/Users/khyati.agarwal/Documents/workspace-sts-3.8.2.RELEASE/project1/target/classes/com/medicare/*.class]
11:51:04.398 [main] DEBUG org.springframework.core.io.support.PathMatchingResourcePatternResolver - Resolved location pattern [classpath*:com/medicare/*.class] to resources []
11:51:04.400 [main] DEBUG org.springframework.core.io.support.PathMatchingResourcePatternResolver - Resolved classpath location [com/] to resources [URL [file:/C:/Users/khyati.agarwal/Documents/workspace-sts-3.8.2.RELEASE/project1/target/test-classes/com/], URL [file:/C:/Users/khyati.agarwal/Documents/workspace-sts-3.8.2.RELEASE/project1/target/classes/com/], URL [jar:file:/C:/Users/khyati.agarwal/.m2/repository/org/mongodb/mongodb-driver/3.2.2/mongodb-driver-3.2.2.jar!/com/], URL [jar:file:/C:/Users/khyati.agarwal/.m2/repository/org/mongodb/mongodb-driver-core/3.2.2/mongodb-driver-core-3.2.2.jar!/com/], URL [jar:file:/C:/Users/khyati.agarwal/.m2/repository/com/fasterxml/classmate/1.3.3/classmate-1.3.3.jar!/com/], URL [jar:file:/C:/Users/khyati.agarwal/.m2/repository/com/fasterxml/jackson/core/jackson-databind/2.8.5/jackson-databind-2.8.5.jar!/com/], URL [jar:file:/C:/Users/khyati.agarwal/.m2/repository/com/fasterxml/jackson/core/jackson-annotations/2.8.5/jackson-annotations-2.8.5.jar!/com/], URL [jar:file:/C:/Users/khyati.agarwal/.m2/repository/com/fasterxml/jackson/core/jackson-core/2.8.5/jackson-core-2.8.5.jar!/com/], URL [jar:file:/C:/Users/khyati.agarwal/.m2/repository/com/jayway/jsonpath/json-path/2.2.0/json-path-2.2.0.jar!/com/]]
11:51:04.401 [main] DEBUG org.springframework.core.io.support.PathMatchingResourcePatternResolver - Looking for matching resources in directory tree [C:\Users\khyati.agarwal\Documents\workspace-sts-3.8.2.RELEASE\project1\target\test-classes\com]
11:51:04.402 [main] DEBUG org.springframework.core.io.support.PathMatchingResourcePatternResolver - Searching directory [C:\Users\khyati.agarwal\Documents\workspace-sts-3.8.2.RELEASE\project1\target\test-classes\com] for files matching pattern [C:/Users/khyati.agarwal/Documents/workspace-sts-3.8.2.RELEASE/project1/target/test-classes/com/*.class]
11:51:04.403 [main] DEBUG org.springframework.core.io.support.PathMatchingResourcePatternResolver - Looking for matching resources in directory tree [C:\Users\khyati.agarwal\Documents\workspace-sts-3.8.2.RELEASE\project1\target\classes\com]
11:51:04.403 [main] DEBUG org.springframework.core.io.support.PathMatchingResourcePatternResolver - Searching directory [C:\Users\khyati.agarwal\Documents\workspace-sts-3.8.2.RELEASE\project1\target\classes\com] for files matching pattern [C:/Users/khyati.agarwal/Documents/workspace-sts-3.8.2.RELEASE/project1/target/classes/com/*.class]
11:51:04.404 [main] DEBUG org.springframework.core.io.support.PathMatchingResourcePatternResolver - Looking for matching resources in jar file [file:/C:/Users/khyati.agarwal/.m2/repository/org/mongodb/mongodb-driver/3.2.2/mongodb-driver-3.2.2.jar]
11:51:04.409 [main] DEBUG org.springframework.core.io.support.PathMatchingResourcePatternResolver - Looking for matching resources in jar file [file:/C:/Users/khyati.agarwal/.m2/repository/org/mongodb/mongodb-driver-core/3.2.2/mongodb-driver-core-3.2.2.jar]
11:51:04.539 [main] DEBUG org.springframework.core.io.support.PathMatchingResourcePatternResolver - Looking for matching resources in jar file [file:/C:/Users/khyati.agarwal/.m2/repository/com/fasterxml/classmate/1.3.3/classmate-1.3.3.jar]
11:51:04.540 [main] DEBUG org.springframework.core.io.support.PathMatchingResourcePatternResolver - Looking for matching resources in jar file [file:/C:/Users/khyati.agarwal/.m2/repository/com/fasterxml/jackson/core/jackson-databind/2.8.5/jackson-databind-2.8.5.jar]
11:51:04.669 [main] DEBUG org.springframework.core.io.support.PathMatchingResourcePatternResolver - Looking for matching resources in jar file [file:/C:/Users/khyati.agarwal/.m2/repository/com/fasterxml/jackson/core/jackson-annotations/2.8.5/jackson-annotations-2.8.5.jar]
11:51:04.672 [main] DEBUG org.springframework.core.io.support.PathMatchingResourcePatternResolver - Looking for matching resources in jar file [file:/C:/Users/khyati.agarwal/.m2/repository/com/fasterxml/jackson/core/jackson-core/2.8.5/jackson-core-2.8.5.jar]
11:51:04.683 [main] DEBUG org.springframework.core.io.support.PathMatchingResourcePatternResolver - Looking for matching resources in jar file [file:/C:/Users/khyati.agarwal/.m2/repository/com/jayway/jsonpath/json-path/2.2.0/json-path-2.2.0.jar]
11:51:04.743 [main] DEBUG org.springframework.core.io.support.PathMatchingResourcePatternResolver - Resolved location pattern [classpath*:com/*.class] to resources []
]]></system-out>
  </testcase>
</testsuite>